nohup: ignoring input
Synchronizing submodule url for 'assignment-autotest'
Synchronizing submodule url for 'poky'

### Shell environment set up for builds. ###

You can now run 'bitbake <target>'

Common targets are:
    core-image-minimal
    core-image-full-cmdline
    core-image-sato
    core-image-weston
    meta-toolchain
    meta-ide-support

You can also run generated qemu images with a command like 'runqemu qemux86'

Other commonly useful commands are:
 - 'devtool' and 'recipetool' handle common recipe tasks
 - 'bitbake-layers' handles common layer tasks
 - 'oe-pkgdata-util' handles common target package tasks
MACHINE = "qemuarm64" already exists in the local.conf file
meta-aesd layer already exists
Loading cache...done.
Loaded 1646 entries from dependency cache.
NOTE: Resolving any missing task queue dependencies

Build Configuration:
BB_VERSION           = "2.0.0"
BUILD_SYS            = "x86_64-linux"
NATIVELSBSTRING      = "universal"
TARGET_SYS           = "aarch64-poky-linux"
MACHINE              = "qemuarm64"
DISTRO               = "poky"
DISTRO_VERSION       = "4.0.34"
TUNE_FEATURES        = "aarch64 armv8a crc cortexa57"
TARGET_FPU           = ""
meta                 
meta-poky            
meta-yocto-bsp       = "kirkstone:8334e82e1d85e50557bd3da64054fc9e3eafc495"
meta-aesd            = "main:78b0dd0f4565b8133d5f1df5cc3a9f913e40e419"

Initialising tasks...done.
Sstate summary: Wanted 48 Local 0 Mirrors 0 Missed 48 Current 1518 (0% match, 96% complete)
NOTE: Executing Tasks
NOTE: Running task 3830 of 3945 (/home/mjoshi/assignment-6-mishajoshi/poky/meta/recipes-kernel/linux/linux-yocto_5.15.bb:do_package_qa)
NOTE: Running task 3831 of 3945 (/home/mjoshi/assignment-6-mishajoshi/meta-aesd/recipes-aesd-assignments/images/core-image-aesd.bb:do_prepare_recipe_sysroot)
NOTE: Running task 3832 of 3945 (virtual:native:/home/mjoshi/assignment-6-mishajoshi/poky/meta/recipes-kernel/dtc/dtc_1.6.1.bb:do_fetch)
NOTE: Running task 3833 of 3945 (virtual:native:/home/mjoshi/assignment-6-mishajoshi/poky/meta/recipes-graphics/virglrenderer/virglrenderer_0.9.1.bb:do_fetch)
NOTE: recipe virglrenderer-native-0.9.1-r0: task do_fetch: Started
NOTE: recipe dtc-native-1.6.1-r0: task do_fetch: Started
NOTE: recipe core-image-aesd-1.0-r0: task do_prepare_recipe_sysroot: Started
NOTE: recipe linux-yocto-5.15.199+gitAUTOINC+78eca082b6_33aae9ebda-r0: task do_package_qa: Started
NOTE: recipe core-image-aesd-1.0-r0: task do_prepare_recipe_sysroot: Succeeded
NOTE: Running task 3834 of 3945 (virtual:native:/home/mjoshi/assignment-6-mishajoshi/poky/meta/recipes-graphics/xorg-lib/pixman_0.40.0.bb:do_fetch)
NOTE: recipe pixman-native-1_0.40.0-r0: task do_fetch: Started
WARNING: dtc-native-1.6.1-r0 do_fetch: Failed to fetch URL git://git.kernel.org/pub/scm/utils/dtc/dtc.git;branch=master, attempting MIRRORS if available
WARNING: virglrenderer-native-0.9.1-r0 do_fetch: Failed to fetch URL git://anongit.freedesktop.org/git/virglrenderer;branch=branch-0.9.1;protocol=https, attempting MIRRORS if available
WARNING: pixman-native-1_0.40.0-r0 do_fetch: Failed to fetch URL https://www.cairographics.org/releases/pixman-0.40.0.tar.gz, attempting MIRRORS if available
NOTE: recipe linux-yocto-5.15.199+gitAUTOINC+78eca082b6_33aae9ebda-r0: task do_package_qa: Succeeded
NOTE: Running task 3835 of 3945 (/home/mjoshi/assignment-6-mishajoshi/meta-aesd/recipes-aesd-assignments/images/core-image-aesd.bb:do_rootfs)
NOTE: recipe core-image-aesd-1.0-r0: task do_rootfs: Started
ERROR: pixman-native-1_0.40.0-r0 do_fetch: Fetcher failure: Fetch command export PSEUDO_DISABLED=1; export DBUS_SESSION_BUS_ADDRESS="unix:path=/run/user/1000/bus"; export SSH_AUTH_SOCK="/run/user/1000/keyring/ssh"; export PATH="/home/mjoshi/assignment-6-mishajoshi/poky/scripts/native-intercept:/home/mjoshi/assignment-6-mishajoshi/build/tmp/sysroots-uninative/x86_64-linux/usr/bin:/home/mjoshi/assignment-6-mishajoshi/build/tmp/work/x86_64-linux/pixman-native/1_0.40.0-r0/recipe-sysroot-native/usr/bin/python3-native:/home/mjoshi/assignment-6-mishajoshi/poky/scripts:/home/mjoshi/assignment-6-mishajoshi/build/tmp/work/x86_64-linux/pixman-native/1_0.40.0-r0/recipe-sysroot-native/usr/bin/x86_64-linux:/home/mjoshi/assignment-6-mishajoshi/build/tmp/work/x86_64-linux/pixman-native/1_0.40.0-r0/recipe-sysroot-native/usr/bin:/home/mjoshi/assignment-6-mishajoshi/build/tmp/work/x86_64-linux/pixman-native/1_0.40.0-r0/recipe-sysroot-native/usr/sbin:/home/mjoshi/assignment-6-mishajoshi/build/tmp/work/x86_64-linux/pixman-native/1_0.40.0-r0/recipe-sysroot-native/usr/bin:/home/mjoshi/assignment-6-mishajoshi/build/tmp/work/x86_64-linux/pixman-native/1_0.40.0-r0/recipe-sysroot-native/sbin:/home/mjoshi/assignment-6-mishajoshi/build/tmp/work/x86_64-linux/pixman-native/1_0.40.0-r0/recipe-sysroot-native/bin:/home/mjoshi/assignment-6-mishajoshi/poky/bitbake/bin:/home/mjoshi/assignment-6-mishajoshi/build/tmp/hosttools"; export HOME="/home/mjoshi"; /usr/bin/env wget -t 2 -T 100 -O /home/mjoshi/assignment-6-mishajoshi/build/downloads/pixman-0.40.0.tar.gz.tmp -P /home/mjoshi/assignment-6-mishajoshi/build/downloads 'https://www.cairographics.org/releases/pixman-0.40.0.tar.gz' --progress=dot -v failed with exit code 4, no output
ERROR: pixman-native-1_0.40.0-r0 do_fetch: Bitbake Fetcher Error: FetchError('Unable to fetch URL from any source.', 'https://www.cairographics.org/releases/pixman-0.40.0.tar.gz')
ERROR: Logfile of failure stored in: /home/mjoshi/assignment-6-mishajoshi/build/tmp/work/x86_64-linux/pixman-native/1_0.40.0-r0/temp/log.do_fetch.2440579
NOTE: recipe pixman-native-1_0.40.0-r0: task do_fetch: Failed
ERROR: Task (virtual:native:/home/mjoshi/assignment-6-mishajoshi/poky/meta/recipes-graphics/xorg-lib/pixman_0.40.0.bb:do_fetch) failed with exit code '1'
NOTE: Running task 3836 of 3945 (virtual:native:/home/mjoshi/assignment-6-mishajoshi/poky/meta/recipes-multimedia/alsa/alsa-lib_1.2.6.1.bb:do_fetch)
NOTE: recipe alsa-lib-native-1.2.6.1-r0: task do_fetch: Started
ERROR: virglrenderer-native-0.9.1-r0 do_fetch: Fetcher failure: Fetch command export PSEUDO_DISABLED=1; export DBUS_SESSION_BUS_ADDRESS="unix:path=/run/user/1000/bus"; export SSH_AUTH_SOCK="/run/user/1000/keyring/ssh"; export PATH="/home/mjoshi/assignment-6-mishajoshi/poky/scripts/native-intercept:/home/mjoshi/assignment-6-mishajoshi/build/tmp/sysroots-uninative/x86_64-linux/usr/bin:/home/mjoshi/assignment-6-mishajoshi/build/tmp/work/x86_64-linux/virglrenderer-native/0.9.1-r0/recipe-sysroot-native/usr/bin/python3-native:/home/mjoshi/assignment-6-mishajoshi/poky/scripts:/home/mjoshi/assignment-6-mishajoshi/build/tmp/work/x86_64-linux/virglrenderer-native/0.9.1-r0/recipe-sysroot-native/usr/bin/x86_64-linux:/home/mjoshi/assignment-6-mishajoshi/build/tmp/work/x86_64-linux/virglrenderer-native/0.9.1-r0/recipe-sysroot-native/usr/bin:/home/mjoshi/assignment-6-mishajoshi/build/tmp/work/x86_64-linux/virglrenderer-native/0.9.1-r0/recipe-sysroot-native/usr/sbin:/home/mjoshi/assignment-6-mishajoshi/build/tmp/work/x86_64-linux/virglrenderer-native/0.9.1-r0/recipe-sysroot-native/usr/bin:/home/mjoshi/assignment-6-mishajoshi/build/tmp/work/x86_64-linux/virglrenderer-native/0.9.1-r0/recipe-sysroot-native/sbin:/home/mjoshi/assignment-6-mishajoshi/build/tmp/work/x86_64-linux/virglrenderer-native/0.9.1-r0/recipe-sysroot-native/bin:/home/mjoshi/assignment-6-mishajoshi/poky/bitbake/bin:/home/mjoshi/assignment-6-mishajoshi/build/tmp/hosttools"; export HOME="/home/mjoshi"; LANG=C git -c core.fsyncobjectfiles=0 -c gc.autoDetach=false -c core.pager=cat clone --bare --mirror https://anongit.freedesktop.org/git/virglrenderer /home/mjoshi/assignment-6-mishajoshi/build/downloads/git2/anongit.freedesktop.org.git.virglrenderer --progress failed with exit code 128, no output
ERROR: virglrenderer-native-0.9.1-r0 do_fetch: Bitbake Fetcher Error: FetchError('Unable to fetch URL from any source.', 'git://anongit.freedesktop.org/git/virglrenderer;branch=branch-0.9.1;protocol=https')
ERROR: Logfile of failure stored in: /home/mjoshi/assignment-6-mishajoshi/build/tmp/work/x86_64-linux/virglrenderer-native/0.9.1-r0/temp/log.do_fetch.2440555
NOTE: recipe virglrenderer-native-0.9.1-r0: task do_fetch: Failed
ERROR: Task (virtual:native:/home/mjoshi/assignment-6-mishajoshi/poky/meta/recipes-graphics/virglrenderer/virglrenderer_0.9.1.bb:do_fetch) failed with exit code '1'
WARNING: alsa-lib-native-1.2.6.1-r0 do_fetch: Failed to fetch URL https://www.alsa-project.org/files/pub/lib/alsa-lib-1.2.6.1.tar.bz2, attempting MIRRORS if available
ERROR: dtc-native-1.6.1-r0 do_fetch: Fetcher failure: Fetch command export PSEUDO_DISABLED=1; export DBUS_SESSION_BUS_ADDRESS="unix:path=/run/user/1000/bus"; export SSH_AUTH_SOCK="/run/user/1000/keyring/ssh"; export PATH="/home/mjoshi/assignment-6-mishajoshi/poky/scripts/native-intercept:/home/mjoshi/assignment-6-mishajoshi/build/tmp/sysroots-uninative/x86_64-linux/usr/bin:/home/mjoshi/assignment-6-mishajoshi/build/tmp/work/x86_64-linux/dtc-native/1.6.1-r0/recipe-sysroot-native/usr/bin/python3-native:/home/mjoshi/assignment-6-mishajoshi/poky/scripts:/home/mjoshi/assignment-6-mishajoshi/build/tmp/work/x86_64-linux/dtc-native/1.6.1-r0/recipe-sysroot-native/usr/bin/x86_64-linux:/home/mjoshi/assignment-6-mishajoshi/build/tmp/work/x86_64-linux/dtc-native/1.6.1-r0/recipe-sysroot-native/usr/bin:/home/mjoshi/assignment-6-mishajoshi/build/tmp/work/x86_64-linux/dtc-native/1.6.1-r0/recipe-sysroot-native/usr/sbin:/home/mjoshi/assignment-6-mishajoshi/build/tmp/work/x86_64-linux/dtc-native/1.6.1-r0/recipe-sysroot-native/usr/bin:/home/mjoshi/assignment-6-mishajoshi/build/tmp/work/x86_64-linux/dtc-native/1.6.1-r0/recipe-sysroot-native/sbin:/home/mjoshi/assignment-6-mishajoshi/build/tmp/work/x86_64-linux/dtc-native/1.6.1-r0/recipe-sysroot-native/bin:/home/mjoshi/assignment-6-mishajoshi/poky/bitbake/bin:/home/mjoshi/assignment-6-mishajoshi/build/tmp/hosttools"; export HOME="/home/mjoshi"; LANG=C git -c core.fsyncobjectfiles=0 -c gc.autoDetach=false -c core.pager=cat clone --bare --mirror git://git.kernel.org/pub/scm/utils/dtc/dtc.git /home/mjoshi/assignment-6-mishajoshi/build/downloads/git2/git.kernel.org.pub.scm.utils.dtc.dtc.git --progress failed with exit code 128, no output
ERROR: dtc-native-1.6.1-r0 do_fetch: Bitbake Fetcher Error: FetchError('Unable to fetch URL from any source.', 'git://git.kernel.org/pub/scm/utils/dtc/dtc.git;branch=master')
ERROR: Logfile of failure stored in: /home/mjoshi/assignment-6-mishajoshi/build/tmp/work/x86_64-linux/dtc-native/1.6.1-r0/temp/log.do_fetch.2440554
NOTE: recipe dtc-native-1.6.1-r0: task do_fetch: Failed
ERROR: Task (virtual:native:/home/mjoshi/assignment-6-mishajoshi/poky/meta/recipes-kernel/dtc/dtc_1.6.1.bb:do_fetch) failed with exit code '1'
NOTE: recipe alsa-lib-native-1.2.6.1-r0: task do_fetch: Succeeded
NOTE: recipe core-image-aesd-1.0-r0: task do_rootfs: Succeeded
NOTE: Tasks Summary: Attempted 3836 tasks of which 3829 didn't need to be rerun and 3 failed.

Summary: 3 tasks failed:
  virtual:native:/home/mjoshi/assignment-6-mishajoshi/poky/meta/recipes-graphics/xorg-lib/pixman_0.40.0.bb:do_fetch
  virtual:native:/home/mjoshi/assignment-6-mishajoshi/poky/meta/recipes-graphics/virglrenderer/virglrenderer_0.9.1.bb:do_fetch
  virtual:native:/home/mjoshi/assignment-6-mishajoshi/poky/meta/recipes-kernel/dtc/dtc_1.6.1.bb:do_fetch
Summary: There were 4 WARNING messages.
Summary: There were 6 ERROR messages, returning a non-zero exit code.
